<html>
<body>
<pre>
<h1>Vision Build Log</h1>
<h2>Tool Versions:</h2>
IDE-Version: μVision V5.25.2.0
Copyright (C) 2018 ARM Ltd and ARM Germany GmbH. All rights reserved.
License Information: 123 admin, 123, LIC=JLB1Q-NJMC1-F6GQ4-FN140-LZ2PC-U1WJ1
 
Tool Versions:
Toolchain:       PK51 Prof. Developers Kit  Version: 9.60.0.0
Toolchain Path:  C:\Keil_v5\C51\BIN
C Compiler:      C51.exe V9.60.0.0
Assembler:       A51.exe V8.2.7.0
Linker/Locator:  BL51.exe V6.22.2.0
Library Manager: LIB51.exe V4.30.1.0
Hex Converter:   OH51.exe V2.7.0.0
CPU DLL:         S8051.DLL V3.122.0.0
Dialog DLL:      DP51.DLL V2.67.0.0
Target DLL:      VDM51.DLL V1.00
Dialog DLL:      TP51.DLL V2.60.0.0
 
<h2>Project:</h2>
D:\C51\作业_实验\实验五综合实验(整理版)\实验五综合实验_C52\Project\Coded_lock.uvproj
Project File Date:  06/07/2023

<h2>Output:</h2>
Build target 'Target 1'
compiling main.c...
main.h(29): error C100: unprintable character 0xA1 skipped
main.h(29): error C100: unprintable character 0xA4 skipped
main.h(29): error C100: unprintable character 0xA1 skipped
main.h(29): error C100: unprintable character 0xA4 skipped
compiling Timer.c...
main.h(29): error C100: unprintable character 0xA1 skipped
main.h(29): error C100: unprintable character 0xA4 skipped
main.h(29): error C100: unprintable character 0xA1 skipped
main.h(29): error C100: unprintable character 0xA4 skipped
compiling IIC.c...
main.h(29): error C100: unprintable character 0xA1 skipped
main.h(29): error C100: unprintable character 0xA4 skipped
main.h(29): error C100: unprintable character 0xA1 skipped
main.h(29): error C100: unprintable character 0xA4 skipped
compiling keyboard.c...
main.h(29): error C100: unprintable character 0xA1 skipped
main.h(29): error C100: unprintable character 0xA4 skipped
main.h(29): error C100: unprintable character 0xA1 skipped
main.h(29): error C100: unprintable character 0xA4 skipped
compiling Nixie_tube.c...
main.h(29): error C100: unprintable character 0xA1 skipped
main.h(29): error C100: unprintable character 0xA4 skipped
main.h(29): error C100: unprintable character 0xA1 skipped
main.h(29): error C100: unprintable character 0xA4 skipped
Target not created.
Build Time Elapsed:  00:00:01
</pre>
</body>
</html>
